<?xml version="1.0" encoding="UTF-8"?>
<testng-results skipped="0" failed="0" ignored="0" total="1" passed="1">
  <reporter-output>
  </reporter-output>
  <suite name="Default suite" duration-ms="9773" started-at="2019-03-15T12:28:50Z" finished-at="2019-03-15T12:29:00Z">
    <groups>
    </groups>
    <test name="Default test" duration-ms="9773" started-at="2019-03-15T12:28:50Z" finished-at="2019-03-15T12:29:00Z">
      <class name="TestCases.Login2EC">
        <test-method status="PASS" signature="login()[pri:0, instance:TestCases.Login2EC@58651fd0]" name="login" duration-ms="9674" started-at="2019-03-15T12:28:50Z" finished-at="2019-03-15T12:29:00Z">
          <reporter-output>
          </reporter-output>
        </test-method> <!-- login -->
      </class> <!-- TestCases.Login2EC -->
    </test> <!-- Default test -->
  </suite> <!-- Default suite -->
</testng-results>
